2016-03-21 17:19:00 [3014] [INFO] Starting gunicorn 19.0.0
2016-03-21 17:19:00 [3014] [INFO] Listening at: http://0.0.0.0:8080 (3014)
2016-03-21 17:19:00 [3014] [INFO] Using worker: sync
2016-03-21 17:19:00 [3019] [INFO] Booting worker with pid: 3019
2016-03-21 14:19:11 [3019] [ERROR] Error handling request
Traceback (most recent call last):
  File "/usr/lib/python2.7/dist-packages/gunicorn/workers/sync.py", line 93, in handle
    self.handle_request(listener, req, client, addr)
  File "/usr/lib/python2.7/dist-packages/gunicorn/workers/sync.py", line 134, in handle_request
    respiter = self.wsgi(environ, resp.start_response)
  File "/usr/local/lib/python2.7/dist-packages/django/core/handlers/wsgi.py", line 187, in __call__
    self.load_middleware()
  File "/usr/local/lib/python2.7/dist-packages/django/core/handlers/base.py", line 47, in load_middleware
    mw_class = import_by_path(middleware_path)
  File "/usr/local/lib/python2.7/dist-packages/django/utils/module_loading.py", line 31, in import_by_path
    error_prefix, module_path, class_name))
ImproperlyConfigured: Module "django.middleware.csrf" does not define a "CsfrResponceMiddleware" attribute/class
2016-03-21 17:19:46 [3014] [INFO] Handling signal: int
2016-03-21 14:19:46 [3019] [INFO] Worker exiting (pid: 3019)
2016-03-21 17:19:46 [3014] [INFO] Shutting down: Master
2016-03-21 17:22:15 [3061] [INFO] Starting gunicorn 19.0.0
2016-03-21 17:22:15 [3061] [INFO] Listening at: http://0.0.0.0:8080 (3061)
2016-03-21 17:22:15 [3061] [INFO] Using worker: sync
2016-03-21 17:22:15 [3066] [INFO] Booting worker with pid: 3066
2016-03-21 14:22:17 [3066] [ERROR] Error handling request
Traceback (most recent call last):
  File "/usr/lib/python2.7/dist-packages/gunicorn/workers/sync.py", line 93, in handle
    self.handle_request(listener, req, client, addr)
  File "/usr/lib/python2.7/dist-packages/gunicorn/workers/sync.py", line 134, in handle_request
    respiter = self.wsgi(environ, resp.start_response)
  File "/usr/local/lib/python2.7/dist-packages/django/core/handlers/wsgi.py", line 187, in __call__
    self.load_middleware()
  File "/usr/local/lib/python2.7/dist-packages/django/core/handlers/base.py", line 47, in load_middleware
    mw_class = import_by_path(middleware_path)
  File "/usr/local/lib/python2.7/dist-packages/django/utils/module_loading.py", line 31, in import_by_path
    error_prefix, module_path, class_name))
ImproperlyConfigured: Module "django.middleware.csrf" does not define a "CsfrResponceMiddleware" attribute/class
2016-03-21 14:22:19 [3066] [ERROR] Error handling request
Traceback (most recent call last):
  File "/usr/lib/python2.7/dist-packages/gunicorn/workers/sync.py", line 93, in handle
    self.handle_request(listener, req, client, addr)
  File "/usr/lib/python2.7/dist-packages/gunicorn/workers/sync.py", line 134, in handle_request
    respiter = self.wsgi(environ, resp.start_response)
  File "/usr/local/lib/python2.7/dist-packages/django/core/handlers/wsgi.py", line 187, in __call__
    self.load_middleware()
  File "/usr/local/lib/python2.7/dist-packages/django/core/handlers/base.py", line 47, in load_middleware
    mw_class = import_by_path(middleware_path)
  File "/usr/local/lib/python2.7/dist-packages/django/utils/module_loading.py", line 31, in import_by_path
    error_prefix, module_path, class_name))
ImproperlyConfigured: Module "django.middleware.csrf" does not define a "CsfrResponceMiddleware" attribute/class
2016-03-21 14:22:20 [3066] [ERROR] Error handling request
Traceback (most recent call last):
  File "/usr/lib/python2.7/dist-packages/gunicorn/workers/sync.py", line 93, in handle
    self.handle_request(listener, req, client, addr)
  File "/usr/lib/python2.7/dist-packages/gunicorn/workers/sync.py", line 134, in handle_request
    respiter = self.wsgi(environ, resp.start_response)
  File "/usr/local/lib/python2.7/dist-packages/django/core/handlers/wsgi.py", line 187, in __call__
    self.load_middleware()
  File "/usr/local/lib/python2.7/dist-packages/django/core/handlers/base.py", line 47, in load_middleware
    mw_class = import_by_path(middleware_path)
  File "/usr/local/lib/python2.7/dist-packages/django/utils/module_loading.py", line 31, in import_by_path
    error_prefix, module_path, class_name))
ImproperlyConfigured: Module "django.middleware.csrf" does not define a "CsfrResponceMiddleware" attribute/class
2016-03-21 14:22:20 [3066] [ERROR] Error handling request
Traceback (most recent call last):
  File "/usr/lib/python2.7/dist-packages/gunicorn/workers/sync.py", line 93, in handle
    self.handle_request(listener, req, client, addr)
  File "/usr/lib/python2.7/dist-packages/gunicorn/workers/sync.py", line 134, in handle_request
    respiter = self.wsgi(environ, resp.start_response)
  File "/usr/local/lib/python2.7/dist-packages/django/core/handlers/wsgi.py", line 187, in __call__
    self.load_middleware()
  File "/usr/local/lib/python2.7/dist-packages/django/core/handlers/base.py", line 47, in load_middleware
    mw_class = import_by_path(middleware_path)
  File "/usr/local/lib/python2.7/dist-packages/django/utils/module_loading.py", line 31, in import_by_path
    error_prefix, module_path, class_name))
ImproperlyConfigured: Module "django.middleware.csrf" does not define a "CsfrResponceMiddleware" attribute/class
2016-03-21 14:22:20 [3066] [ERROR] Error handling request
Traceback (most recent call last):
  File "/usr/lib/python2.7/dist-packages/gunicorn/workers/sync.py", line 93, in handle
    self.handle_request(listener, req, client, addr)
  File "/usr/lib/python2.7/dist-packages/gunicorn/workers/sync.py", line 134, in handle_request
    respiter = self.wsgi(environ, resp.start_response)
  File "/usr/local/lib/python2.7/dist-packages/django/core/handlers/wsgi.py", line 187, in __call__
    self.load_middleware()
  File "/usr/local/lib/python2.7/dist-packages/django/core/handlers/base.py", line 47, in load_middleware
    mw_class = import_by_path(middleware_path)
  File "/usr/local/lib/python2.7/dist-packages/django/utils/module_loading.py", line 31, in import_by_path
    error_prefix, module_path, class_name))
ImproperlyConfigured: Module "django.middleware.csrf" does not define a "CsfrResponceMiddleware" attribute/class
2016-03-21 14:25:36 [3066] [INFO] Worker exiting (pid: 3066)
2016-03-21 17:25:36 [3061] [INFO] Handling signal: int
2016-03-21 17:25:36 [3061] [INFO] Shutting down: Master
